Build started 4/15/2017 4:59:41 PM.
     1>Project "C:\Users\Hunter\Desktop\Bullet-Heaven-master\Bullet Heaven\Windows\files\Bullet Heaven Windows\Bullet Heaven Windows.vcxproj" on node 2 (Build target(s)).
     1>ClCompile:
         C:\Program Files (x86)\Microsoft Visual Studio 12.0\VC\bin\CL.exe /c /I"C:\Users\Hunter\Desktop\Bullet-Heaven-master\Bullet Heaven\Windows\SFML-2.3.2\include" /ZI /nologo /W3 /WX- /sdl /Od /Oy- /D _MBCS /Gm /EHsc /RTC1 /MDd /GS /fp:precise /Zc:wchar_t /Zc:forScope /Fo"Debug\\" /Fd"Debug\vc120.pdb" /Gd /TP /analyze- /errorReport:prompt "/std:c++14" "-std=c++14" ..\..\..\Linux\src\Enemy.cpp ..\..\..\Linux\src\Player.cpp ..\..\..\Linux\src\main.cpp
     1>cl : Command line warning D9002: ignoring unknown option '/std:c++14'
     1>cl : Command line warning D9002: ignoring unknown option '-std=c++14'
         main.cpp
     1>c:\users\hunter\desktop\bullet-heaven-master\bullet heaven\linux\src\main.cpp(26): warning C4244: 'argument' : conversion from 'int' to 'float', possible loss of data
     1>c:\users\hunter\desktop\bullet-heaven-master\bullet heaven\linux\src\main.cpp(71): warning C4244: 'argument' : conversion from 'time_t' to 'unsigned int', possible loss of data
     1>c:\users\hunter\desktop\bullet-heaven-master\bullet heaven\linux\src\main.cpp(84): warning C4244: 'argument' : conversion from 'int' to 'float', possible loss of data
     1>c:\users\hunter\desktop\bullet-heaven-master\bullet heaven\linux\src\main.cpp(102): warning C4244: 'argument' : conversion from 'int' to 'float', possible loss of data
     1>c:\users\hunter\desktop\bullet-heaven-master\bullet heaven\linux\src\main.cpp(324): warning C4244: 'argument' : conversion from 'unsigned int' to 'float', possible loss of data
     1>c:\users\hunter\desktop\bullet-heaven-master\bullet heaven\linux\src\main.cpp(369): warning C4244: 'argument' : conversion from 'int' to 'float', possible loss of data
     1>c:\users\hunter\desktop\bullet-heaven-master\bullet heaven\linux\src\main.cpp(373): warning C4244: 'argument' : conversion from 'int' to 'float', possible loss of data
     1>c:\users\hunter\desktop\bullet-heaven-master\bullet heaven\linux\src\main.cpp(377): warning C4244: 'argument' : conversion from 'int' to 'float', possible loss of data
         Generating Code...
         Skipping... (no relevant changes detected)
         Player.cpp
         Enemy.cpp
       Link:
         C:\Program Files (x86)\Microsoft Visual Studio 12.0\VC\bin\link.exe /ERRORREPORT:PROMPT /OUT:"C:\Users\Hunter\Desktop\Bullet-Heaven-master\Bullet Heaven\Windows\files\Debug\Bullet Heaven Windows.exe" /INCREMENTAL /NOLOGO /LIBPATH:"C:\Users\Hunter\Desktop\Bullet-Heaven-master\Bullet Heaven\Windows\SFML-2.3.2\lib" "sfml-graphics-d.lib" "sfml-window-d.lib" "sfml-system-d.lib" "sfml-graphics.lib" "sfml-window.lib" "sfml-system.lib" kernel32.lib user32.lib gdi32.lib winspool.lib comdlg32.lib advapi32.lib shell32.lib ole32.lib oleaut32.lib uuid.lib odbc32.lib odbccp32.lib kernel32.lib user32.lib gdi32.lib winspool.lib comdlg32.lib advapi32.lib shell32.lib ole32.lib oleaut32.lib uuid.lib odbc32.lib odbccp32.lib /MANIFEST /MANIFESTUAC:"level='asInvoker' uiAccess='false'" /manifest:embed /DEBUG /PDB:"C:\Users\Hunter\Desktop\Bullet-Heaven-master\Bullet Heaven\Windows\files\Debug\Bullet Heaven Windows.pdb" /TLBID:1 /DYNAMICBASE /NXCOMPAT /IMPLIB:"C:\Users\Hunter\Desktop\Bullet-Heaven-master\Bullet Heaven\Windows\files\Debug\Bullet Heaven Windows.lib" /MACHINE:X86 Debug\Bullet.obj
         Debug\Enemy.obj
         Debug\Explosion.obj
         Debug\main.obj
         Debug\Particle.obj
         Debug\ParticleEmitter.obj
         Debug\Player.obj
         Debug\Shield.obj
         Debug\Star.obj
         Bullet Heaven Windows.vcxproj -> C:\Users\Hunter\Desktop\Bullet-Heaven-master\Bullet Heaven\Windows\files\Debug\Bullet Heaven Windows.exe
     1>Done Building Project "C:\Users\Hunter\Desktop\Bullet-Heaven-master\Bullet Heaven\Windows\files\Bullet Heaven Windows\Bullet Heaven Windows.vcxproj" (Build target(s)).

Build succeeded.

Time Elapsed 00:00:02.80
