Build started 4/13/2017 11:20:11 PM.
     1>Project "C:\Users\Hunter\Desktop\Bullet-Heaven-master\Bullet Heaven\Windows\Bullet Heaven\Bullet Heaven\Bullet Heaven.vcxproj" on node 2 (Build target(s)).
     1>C:\Program Files (x86)\MSBuild\Microsoft.Cpp\v4.0\V120\Microsoft.CppBuild.targets(942,5): warning MSB8027: Two or more files with the name of Bullet.cpp will produce outputs to the same location. This can lead to an incorrect build result.  The files involved are ..\..\..\Linux\src\Bullet.cpp, Bullet.cpp.
     1>C:\Program Files (x86)\MSBuild\Microsoft.Cpp\v4.0\V120\Microsoft.CppBuild.targets(942,5): warning MSB8027: Two or more files with the name of Enemy.cpp will produce outputs to the same location. This can lead to an incorrect build result.  The files involved are ..\..\..\Linux\src\Enemy.cpp, Enemy.cpp.
     1>C:\Program Files (x86)\MSBuild\Microsoft.Cpp\v4.0\V120\Microsoft.CppBuild.targets(942,5): warning MSB8027: Two or more files with the name of Explosion.cpp will produce outputs to the same location. This can lead to an incorrect build result.  The files involved are ..\..\..\Linux\src\Explosion.cpp, Explosion.cpp.
     1>C:\Program Files (x86)\MSBuild\Microsoft.Cpp\v4.0\V120\Microsoft.CppBuild.targets(942,5): warning MSB8027: Two or more files with the name of main.cpp will produce outputs to the same location. This can lead to an incorrect build result.  The files involved are ..\..\..\Linux\src\main.cpp, main.cpp.
     1>C:\Program Files (x86)\MSBuild\Microsoft.Cpp\v4.0\V120\Microsoft.CppBuild.targets(942,5): warning MSB8027: Two or more files with the name of Particle.cpp will produce outputs to the same location. This can lead to an incorrect build result.  The files involved are ..\..\..\Linux\src\Particle.cpp, Particle.cpp.
     1>C:\Program Files (x86)\MSBuild\Microsoft.Cpp\v4.0\V120\Microsoft.CppBuild.targets(942,5): warning MSB8027: Two or more files with the name of ParticleEmitter.cpp will produce outputs to the same location. This can lead to an incorrect build result.  The files involved are ..\..\..\Linux\src\ParticleEmitter.cpp, ParticleEmitter.cpp.
     1>C:\Program Files (x86)\MSBuild\Microsoft.Cpp\v4.0\V120\Microsoft.CppBuild.targets(942,5): warning MSB8027: Two or more files with the name of Player.cpp will produce outputs to the same location. This can lead to an incorrect build result.  The files involved are ..\..\..\Linux\src\Player.cpp, Player.cpp.
     1>C:\Program Files (x86)\MSBuild\Microsoft.Cpp\v4.0\V120\Microsoft.CppBuild.targets(942,5): warning MSB8027: Two or more files with the name of Shield.cpp will produce outputs to the same location. This can lead to an incorrect build result.  The files involved are ..\..\..\Linux\src\Shield.cpp, Shield.cpp.
     1>C:\Program Files (x86)\MSBuild\Microsoft.Cpp\v4.0\V120\Microsoft.CppBuild.targets(942,5): warning MSB8027: Two or more files with the name of Star.cpp will produce outputs to the same location. This can lead to an incorrect build result.  The files involved are ..\..\..\Linux\src\Star.cpp, Star.cpp.
     1>ClCompile:
         C:\Program Files (x86)\Microsoft Visual Studio 12.0\VC\bin\CL.exe /c /ZI /nologo /W3 /WX- /sdl /Od /Oy- /D _MBCS /Gm /EHsc /RTC1 /MDd /GS /fp:precise /Zc:wchar_t /Zc:forScope /Fo"Debug\\" /Fd"Debug\vc120.pdb" /Gd /TP /analyze- /errorReport:prompt ..\..\..\Linux\src\Bullet.cpp ..\..\..\Linux\src\Enemy.cpp ..\..\..\Linux\src\Explosion.cpp ..\..\..\Linux\src\main.cpp ..\..\..\Linux\src\Particle.cpp ..\..\..\Linux\src\ParticleEmitter.cpp ..\..\..\Linux\src\Player.cpp ..\..\..\Linux\src\Shield.cpp ..\..\..\Linux\src\Star.cpp Bullet.cpp Enemy.cpp Explosion.cpp main.cpp Particle.cpp ParticleEmitter.cpp Player.cpp Shield.cpp Star.cpp
         Star.cpp
     1>c:\users\hunter\desktop\bullet-heaven-master\bullet heaven\windows\bullet heaven\bullet heaven\star.cpp(2): fatal error C1083: Cannot open include file: 'SFML/Graphics.hpp': No such file or directory
         Shield.cpp
     1>c:\users\hunter\desktop\bullet-heaven-master\bullet heaven\windows\bullet heaven\bullet heaven\shield.cpp(2): fatal error C1083: Cannot open include file: 'SFML/Graphics.hpp': No such file or directory
         Player.cpp
     1>c:\users\hunter\desktop\bullet-heaven-master\bullet heaven\windows\bullet heaven\bullet heaven\player.cpp(2): fatal error C1083: Cannot open include file: 'SFML/Graphics.hpp': No such file or directory
         ParticleEmitter.cpp
     1>c:\users\hunter\desktop\bullet-heaven-master\bullet heaven\windows\bullet heaven\bullet heaven\particleemitter.cpp(2): fatal error C1083: Cannot open include file: 'SFML/Graphics.hpp': No such file or directory
         Particle.cpp
     1>c:\users\hunter\desktop\bullet-heaven-master\bullet heaven\windows\bullet heaven\bullet heaven\particle.cpp(2): fatal error C1083: Cannot open include file: 'SFML/Graphics.hpp': No such file or directory
         main.cpp
     1>c:\users\hunter\desktop\bullet-heaven-master\bullet heaven\windows\bullet heaven\bullet heaven\main.cpp(3): fatal error C1083: Cannot open include file: 'SFML/Graphics.hpp': No such file or directory
         Explosion.cpp
     1>c:\users\hunter\desktop\bullet-heaven-master\bullet heaven\windows\bullet heaven\bullet heaven\explosion.cpp(2): fatal error C1083: Cannot open include file: 'SFML/Graphics.hpp': No such file or directory
         Enemy.cpp
     1>c:\users\hunter\desktop\bullet-heaven-master\bullet heaven\windows\bullet heaven\bullet heaven\enemy.cpp(2): fatal error C1083: Cannot open include file: 'SFML/Graphics.hpp': No such file or directory
         Bullet.cpp
     1>c:\users\hunter\desktop\bullet-heaven-master\bullet heaven\windows\bullet heaven\bullet heaven\bullet.cpp(2): fatal error C1083: Cannot open include file: 'SFML/Graphics.hpp': No such file or directory
         Star.cpp
     1>c:\users\hunter\desktop\bullet-heaven-master\bullet heaven\linux\src\star.cpp(2): fatal error C1083: Cannot open include file: 'SFML/Graphics.hpp': No such file or directory
         Shield.cpp
     1>c:\users\hunter\desktop\bullet-heaven-master\bullet heaven\linux\src\shield.cpp(2): fatal error C1083: Cannot open include file: 'SFML/Graphics.hpp': No such file or directory
         Player.cpp
     1>c:\users\hunter\desktop\bullet-heaven-master\bullet heaven\linux\src\player.cpp(2): fatal error C1083: Cannot open include file: 'SFML/Graphics.hpp': No such file or directory
         ParticleEmitter.cpp
     1>c:\users\hunter\desktop\bullet-heaven-master\bullet heaven\linux\src\particleemitter.cpp(2): fatal error C1083: Cannot open include file: 'SFML/Graphics.hpp': No such file or directory
         Particle.cpp
     1>c:\users\hunter\desktop\bullet-heaven-master\bullet heaven\linux\src\particle.cpp(2): fatal error C1083: Cannot open include file: 'SFML/Graphics.hpp': No such file or directory
         main.cpp
     1>c:\users\hunter\desktop\bullet-heaven-master\bullet heaven\linux\src\main.cpp(3): fatal error C1083: Cannot open include file: 'SFML/Graphics.hpp': No such file or directory
         Explosion.cpp
     1>c:\users\hunter\desktop\bullet-heaven-master\bullet heaven\linux\src\explosion.cpp(2): fatal error C1083: Cannot open include file: 'SFML/Graphics.hpp': No such file or directory
         Enemy.cpp
     1>c:\users\hunter\desktop\bullet-heaven-master\bullet heaven\linux\src\enemy.cpp(2): fatal error C1083: Cannot open include file: 'SFML/Graphics.hpp': No such file or directory
         Bullet.cpp
     1>c:\users\hunter\desktop\bullet-heaven-master\bullet heaven\linux\src\bullet.cpp(2): fatal error C1083: Cannot open include file: 'SFML/Graphics.hpp': No such file or directory
         Generating Code...
     1>Done Building Project "C:\Users\Hunter\Desktop\Bullet-Heaven-master\Bullet Heaven\Windows\Bullet Heaven\Bullet Heaven\Bullet Heaven.vcxproj" (Build target(s)) -- FAILED.

Build FAILED.

Time Elapsed 00:00:20.40
